MLA858778772|Pendrive Sandisk Cruzer Blade 16gb Negro/rojo|MLA4980|Pendrives
MLA740540307|Servidor Poweredge Dell T40 Xeon E3-1225 8gb 1tb Hd Free Dos|MLA1649|PC
MLA750118968|Notebook I7 Dell Latitude 16gb 256ssd Win10 Pro Oferta Ram|MLA1652|Notebooks
MLA858778771|Pendrive Sandisk 16gb Cruzer Blade Original Nuevo|MLA4980|Pendrives
MLA625205834|Ups Apc 800va 6 T Estabilizador Y Protector De Tension Gtia Oficial 2 Años Bx800 Para Tv, Play, Equipos De Audio|MLA1720|UPS
MLA800416106|Servidor Dell Poweredge R440 Xeon 16gb 2tb Gtia 3 Años|MLA1649|PC
MLA836303021|Notebook Dell Latitude I5 16gb 256ssd 14 Win10 Pro Ram|MLA1652|Notebooks
MLA619999038|Ups Apc 550va 3 Tomas Gtia Oficial 2 Años Estabilizador Y Protector De Tension Con Ahorro De Energia|MLA1720|UPS
MLA665048554|Escaner Kodak Scanmate I940 Portatil De Mano Duplex 20ppm|MLA72721|Scanners
MLA846965428|Ups Apc Bv500 Estabilizador Protector Tension Entreg Inmedit|MLA1720|UPS
MLA860403296|Servidor Dell Poweredge R440 Xeon 16gb 2tb Gtia 3 Años|MLA1649|PC
MLA742113320|Notebook Dell Inspiron I7 8g 512ssd 13,3fhd Geforce Win10|MLA1652|Notebooks
MLA846968526|Ups Apc Bv1000 Estabilza Y Protege Tensión Entrega Inmediata|MLA1720|UPS
MLA609115444|Ups Apc De Alto Rendimiento 1200va Estabilizador Y Protector De Tension Garantía Oficial De 2 Años Ups|MLA1720|UPS
MLA609116302|Ups Apc 1500va Con Ahorro De Energa Estabilizador Y Protector De Tension Gtia Oficial Ideal Para Uso Gamer|MLA1720|UPS
MLA673280398|Servidor Rack Dell Poweredge R240 Xeon E-2124 8gb 2tb Gtia|MLA1649|PC
MLA664647170|Notebook Dell Latitude I5 8gb 1tb Win 10 Pro|MLA1652|Notebooks
MLA607248903|Ups Apc 550va 3 Tomas Gtia Oficial 2 Años Estabilizador Y Protector De Tension Para El Hogar|MLA1720|UPS
MLA659248541|Monitor Gamer Hd Dell Led Profesional 20 Dp Vertical|MLA14407|Monitores
MLA795525764|Ups Apc Easy Bv650i-ar 650va Gtia Oficial 2 Años Bv650|MLA1720|UPS
MLA830836209|Servidor Poweredge Dell T40 Intel E3-1225 8gb 1tb Hd Cuotas|MLA1649|PC
MLA812781294|Notebook Dell Vostro I5 16gb 256ssd 14hd Win10 Profesional|MLA1652|Notebooks
MLA685442693|Switch Cisco 24 Puertos Gigabit Rack 10/100/1000|MLA1708|Switches
MLA800415543|Servidor Rack Dell Poweredge R240 Xeon 8gb 2tb Gtia Cuotas|MLA1649|PC
MLA685428555|Switch Cisco 16 Puertos Port 10/100/1000 Rack (ex Sg100-16) Para Hogar Y Empresa - Garantia Oficial - Factura A Y B|MLA1708|Switches
MLA723629779|Notebook Dell Vostro I5 14 8g 256ssd Win10 Pro Teclado Con Ñ Gtia De Tienda Oficial - Factura A Y B|MLA1652|Notebooks
MLA714578081|Switch 24p Cisco Sg250-26 Giga 10/100/1000 Sg250-26-k9|MLA1708|Switches
MLA608914689|Ups Apc Br1200g Ar 1200va Estabilizador Br1200 Gtia 2 Años|MLA1720|UPS
MLA762982740|Notebook Dell Latitude I7 8gb 1tb Win 10 Pro Teclado Ñ|MLA1652|Notebooks
MLA838040211|Ups Apc Easy Bv650i-ar 650va Gtia Oficial 2 Años Bv650|MLA1720|UPS
MLA714580671|Switch Cisco Sg250-26p Small Business 24 P Poe+ Sg250-26p-k9|MLA1708|Switches
MLA714545399|Switch Cisco Semi Admin 24 Puertos 10/100 2 Giga Sf220-24-k9|MLA1708|Switches
MLA663219401|Notebook Dell I5 8gb Ssd 256gb 13,3 Win10|MLA1652|Notebooks
MLA683834424|Router Cisco Rv160w Wireless Ac Vpn Dualband Usb Oferta|MLA430901|Routers
MLA673321805|Ups Apc 1500va Estabilizador Y Protector De Tension - Alto Rendimiento Para Pc De Hogar Y Oficina Gtia 2años|MLA1720|UPS
MLA609113448|Ups Apc 650va Back 3 Tomas Estabilizador Y Protector De Tension Con Ahorro De Energia Gtia Oficial Bx650|MLA1720|UPS
MLA824929193|Toner Lexmark Original 504 1.500p Ms 310/610/415 Standard|MLA3560|Tóners
MLA850847234|Notebook Dell I5 8gb Ssd 256gb 13,3 Win10 Cuotas|MLA1652|Notebooks
MLA683885395|Ups Apc Bv1000i 1000va Para Pc Gamer Simil Bx1100|MLA1720|UPS
MLA640303035|Ups Apc Br1500g 1500va Estabilizador  Gtia 2 Años Br1500g-ar|MLA1720|UPS
MLA675285405|Router Cisco Rv130 K9 Usd 4g Single Wan 10 Vpn Oferta|MLA430901|Routers
MLA634471245|Scanner Portátil De Mano Iris Book 3 Iriscan Ocr Microsd Usb|MLA72721|Scanners
MLA839633052|Ups Apc Easy Bv500i-ar 500va Bv500 Gtia Oficial 2 Años|MLA1720|UPS
MLA812493388|Notebook Dell Vostro I5 14 8g 256ssd Win10 Pro Teclado Con Ñ Gtia De Tienda Oficial - Factura A Y B|MLA1652|Notebooks
MLA763789268|Switch 24p Cisco Sg250-26 Giga 10/100/1000 Sg250-26-k9|MLA1708|Switches
MLA795525213|Ups Apc Easy Bv500i-ar 500va Bv500 Gtia Oficial 2 Años|MLA1720|UPS
MLA604168468|Ups Apc 550va 3 Tomas Gtia Oficial 2 Años Bx550  Estabilizador Y Protector De Tension Con Ahorro De Energia|MLA1720|UPS
MLA670607406|Scanner Iris Iriscan Book 5 De Mano 30ppm Usb 2.0 Ion-litio|MLA72721|Scanners
MLA695450789|Notebook Dell Latitude 3500 15.6 I5 8gb 1tb + 240ssd Win10p|MLA1652|Notebooks
MLA838040863|Ups Apc Bv1000i 1000va Para Pc Gamer Simil Bx1100|MLA1720|UPS
